Fetching Zmanim...
Fetching Zmanim from URL: https://www.hebcal.com/zmanim?cfg=json&geonameid=5277142&date=2024-05-26
Successfully fetched Zmanim.
Updated chatzotNight.json with label: no at 12:55 AM
Updated misheyakir.json with label: no at 4:12 AM
Updated dawn.json with label: no at 4:51 AM
Updated sunrise.json with label: no at 5:25 AM
Updated sofZmanShma.json with label: no at 9:10 AM
Updated sofZmanTfilla.json with label: no at 10:25 AM
Updated chatzot.json with label: no at 12:56 PM
Updated minchaGedola.json with label: no at 1:33 PM
Updated minchaKetana.json with label: no at 5:18 PM
Updated plagHaMincha.json with label: no at 6:52 PM
Updated sunset.json with label: no at 8:26 PM
Updated beinHaShmashos.json with label: no at 8:54 PM
Updated tzeit85deg.json with label: no at 9:18 PM
Updated tzeit72min.json with label: no at 9:38 PM
Scheduled cron job for 30 minutes before chatzotNight: 12:25 AM
Scheduled cron job for 0 minutes  chatzotNight: 12:55 AM
Scheduled cron job for 30 minutes before misheyakir: 3:42 AM
Scheduled cron job for 0 minutes  misheyakir: 4:12 AM
Scheduled cron job for 30 minutes before dawn: 4:21 AM
Scheduled cron job for 0 minutes  dawn: 4:51 AM
Scheduled cron job for 30 minutes before sunrise: 4:55 AM
Scheduled cron job for 0 minutes  sunrise: 5:25 AM
Scheduled cron job for 30 minutes before sofZmanShma: 8:40 AM
Scheduled cron job for 0 minutes  sofZmanShma: 9:10 AM
Scheduled cron job for 30 minutes before sofZmanTfilla: 9:55 AM
Scheduled cron job for 0 minutes  sofZmanTfilla: 10:25 AM
Scheduled cron job for 30 minutes before chatzot: 12:26 PM
Scheduled cron job for 0 minutes  chatzot: 12:56 PM
Scheduled cron job for 30 minutes before minchaGedola: 1:03 PM
Scheduled cron job for 0 minutes  minchaGedola: 1:33 PM
Scheduled cron job for 30 minutes before minchaKetana: 4:48 PM
Scheduled cron job for 0 minutes  minchaKetana: 5:18 PM
Scheduled cron job for 30 minutes before plagHaMincha: 6:22 PM
Scheduled cron job for 0 minutes  plagHaMincha: 6:52 PM
Scheduled cron job for 60 minutes before sunset: 7:26 PM
Scheduled cron job for 0 minutes  sunset: 8:26 PM
Scheduled cron job for 30 minutes before beinHaShmashos: 8:24 PM
Scheduled cron job for 0 minutes  beinHaShmashos: 8:54 PM
Scheduled cron job for 30 minutes before tzeit85deg: 8:48 PM
Scheduled cron job for 0 minutes  tzeit85deg: 9:18 PM
Scheduled cron job for 30 minutes before tzeit72min: 9:08 PM
Scheduled cron job for 0 minutes  tzeit72min: 9:38 PM
IFTTT webhook triggered with payload: {"value1":"misheyakir","value2":"4:12 AM","value3":154}
Updated chatzotNight.json with label: yes at 12:55 AM
Updated misheyakir.json with label: no at 4:12 AM
Updated dawn.json with label: no at 4:51 AM
Updated sunrise.json with label: no at 5:25 AM
Updated sofZmanShma.json with label: no at 9:10 AM
Updated sofZmanTfilla.json with label: no at 10:25 AM
Updated chatzot.json with label: no at 12:56 PM
Updated minchaGedola.json with label: no at 1:33 PM
Updated minchaKetana.json with label: no at 5:18 PM
Updated plagHaMincha.json with label: no at 6:52 PM
Updated sunset.json with label: no at 8:26 PM
Updated beinHaShmashos.json with label: no at 8:54 PM
Updated tzeit85deg.json with label: no at 9:18 PM
Updated tzeit72min.json with label: no at 9:38 PM
Updated recent_time.json with label: chatzotNight at 12:55 AM
Updated halachic_hour.json with halachic hour: -1
Fetching Zmanim from URL: https://www.hebcal.com/zmanim?cfg=json&geonameid=5277142&date=2024-05-26
Current time 26/05/2024, 03:29 is outside Shabbat period from 24/05/2024, 20:08 to 25/05/2024, 21:38.
IFTTT webhook triggered with payload: {"value1":"misheyakir","value2":"4:12 AM","value3":154}
Updated chatzotNight.json with label: yes at 12:55 AM
Updated misheyakir.json with label: no at 4:12 AM
Updated dawn.json with label: no at 4:51 AM
Updated sunrise.json with label: no at 5:25 AM
Updated sofZmanShma.json with label: no at 9:10 AM
Updated sofZmanTfilla.json with label: no at 10:25 AM
Updated chatzot.json with label: no at 12:56 PM
Updated minchaGedola.json with label: no at 1:33 PM
Updated minchaKetana.json with label: no at 5:18 PM
Updated plagHaMincha.json with label: no at 6:52 PM
Updated sunset.json with label: no at 8:26 PM
Updated beinHaShmashos.json with label: no at 8:54 PM
Updated tzeit85deg.json with label: no at 9:18 PM
Updated tzeit72min.json with label: no at 9:38 PM
Updated recent_time.json with label: chatzotNight at 12:55 AM
Updated halachic_hour.json with halachic hour: -1
Fetching Zmanim...
Fetching Zmanim from URL: https://www.hebcal.com/zmanim?cfg=json&geonameid=5277142&date=2024-05-26
Error fetching Zmanim: AxiosError: getaddrinfo ENOTFOUND www.hebcal.com
    at AxiosError.from (/var/lib/homebridge/zmanim-js/node_modules/axios/dist/node/axios.cjs:836:14)
    at RedirectableRequest.handleRequestError (/var/lib/homebridge/zmanim-js/node_modules/axios/dist/node/axios.cjs:3086:25)
    at RedirectableRequest.emit (node:events:519:28)
    at eventHandlers.<computed> (/var/lib/homebridge/zmanim-js/node_modules/follow-redirects/index.js:38:24)
    at ClientRequest.emit (node:events:519:28)
    at TLSSocket.socketErrorListener (node:_http_client:500:9)
    at TLSSocket.emit (node:events:519:28)
    at emitErrorNT (node:internal/streams/destroy:169:8)
    at emitErrorCloseNT (node:internal/streams/destroy:128:3)
    at process.processTicksAndRejections (node:internal/process/task_queues:82:21)
    at Axios.request (/var/lib/homebridge/zmanim-js/node_modules/axios/dist/node/axios.cjs:3876:41)
    at process.processTicksAndRejections (node:internal/process/task_queues:95:5)
    at async getZmanim (/var/lib/homebridge/zmanim-js/zmanim.js:18:26)
    at async scheduleTriggers (/var/lib/homebridge/zmanim-js/zmanim.js:192:20)
    at async /var/lib/homebridge/zmanim-js/zmanim.js:266:5 {
  hostname: 'www.hebcal.com',
  syscall: 'getaddrinfo',
  code: 'ENOTFOUND',
  errno: -3008,
  config: {
    transitional: {
      silentJSONParsing: true,
      forcedJSONParsing: true,
      clarifyTimeoutError: false
    },
    adapter: [ 'xhr', 'http' ],
    transformRequest: [ [Function: transformRequest] ],
    transformResponse: [ [Function: transformResponse] ],
    timeout: 0,
    xsrfCookieName: 'XSRF-TOKEN',
    xsrfHeaderName: 'X-XSRF-TOKEN',
    maxContentLength: -1,
    maxBodyLength: -1,
    env: { FormData: [Function], Blob: [class Blob] },
    validateStatus: [Function: validateStatus],
    headers: Object [AxiosHeaders] {
      Accept: 'application/json, text/plain, */*',
      'Content-Type': undefined,
      'User-Agent': 'axios/1.6.8',
      'Accept-Encoding': 'gzip, compress, deflate, br'
    },
    method: 'get',
    url: 'https://www.hebcal.com/zmanim?cfg=json&geonameid=5277142&date=2024-05-26',
    data: undefined
  },
  request: <ref *1> Writable {
    _events: {
      close: undefined,
      error: [Function: handleRequestError],
      prefinish: undefined,
      finish: undefined,
      drain: undefined,
      response: [Function: handleResponse],
      socket: [Function: handleRequestSocket]
    },
    _writableState: WritableState {
      highWaterMark: 16384,
      length: 0,
      corked: 0,
      onwrite: [Function: bound onwrite],
      writelen: 0,
      bufferedIndex: 0,
      pendingcb: 0,
      [Symbol(kState)]: 17580812,
      [Symbol(kBufferedValue)]: null
    },
    _maxListeners: undefined,
    _options: {
      maxRedirects: 21,
      maxBodyLength: Infinity,
      protocol: 'https:',
      path: '/zmanim?cfg=json&geonameid=5277142&date=2024-05-26',
      method: 'GET',
      headers: [Object: null prototype],
      agents: [Object],
      auth: undefined,
      family: undefined,
      beforeRedirect: [Function: dispatchBeforeRedirect],
      beforeRedirects: [Object],
      hostname: 'www.hebcal.com',
      port: '',
      agent: undefined,
      nativeProtocols: [Object],
      pathname: '/zmanim',
      search: '?cfg=json&geonameid=5277142&date=2024-05-26'
    },
    _ended: true,
    _ending: true,
    _redirectCount: 0,
    _redirects: [],
    _requestBodyLength: 0,
    _requestBodyBuffers: [],
    _eventsCount: 3,
    _onNativeResponse: [Function (anonymous)],
    _currentRequest: ClientRequest {
      _events: [Object: null prototype],
      _eventsCount: 7,
      _maxListeners: undefined,
      outputData: [],
      outputSize: 0,
      writable: true,
      destroyed: false,
      _last: true,
      chunkedEncoding: false,
      shouldKeepAlive: true,
      maxRequestsOnConnectionReached: false,
      _defaultKeepAlive: true,
      useChunkedEncodingByDefault: false,
      sendDate: false,
      _removedConnection: false,
      _removedContLen: false,
      _removedTE: false,
      strictContentLength: false,
      _contentLength: 0,
      _hasBody: true,
      _trailer: '',
      finished: true,
      _headerSent: true,
      _closed: false,
      socket: [TLSSocket],
      _header: 'GET /zmanim?cfg=json&geonameid=5277142&date=2024-05-26 HTTP/1.1\r\n' +
        'Accept: application/json, text/plain, */*\r\n' +
        'User-Agent: axios/1.6.8\r\n' +
        'Accept-Encoding: gzip, compress, deflate, br\r\n' +
        'Host: www.hebcal.com\r\n' +
        'Connection: keep-alive\r\n' +
        '\r\n',
      _keepAliveTimeout: 0,
      _onPendingData: [Function: nop],
      agent: [Agent],
      socketPath: undefined,
      method: 'GET',
      maxHeaderSize: undefined,
      insecureHTTPParser: undefined,
      joinDuplicateHeaders: undefined,
      path: '/zmanim?cfg=json&geonameid=5277142&date=2024-05-26',
      _ended: false,
      res: null,
      aborted: false,
      timeoutCb: [Function: emitRequestTimeout],
      upgradeOrConnect: false,
      parser: null,
      maxHeadersCount: null,
      reusedSocket: false,
      host: 'www.hebcal.com',
      protocol: 'https:',
      _redirectable: [Circular *1],
      [Symbol(shapeMode)]: false,
      [Symbol(kCapture)]: false,
      [Symbol(kBytesWritten)]: 0,
      [Symbol(kNeedDrain)]: false,
      [Symbol(corked)]: 0,
      [Symbol(kOutHeaders)]: [Object: null prototype],
      [Symbol(errored)]: null,
      [Symbol(kHighWaterMark)]: 16384,
      [Symbol(kRejectNonStandardBodyWrites)]: false,
      [Symbol(kUniqueHeaders)]: null
    },
    _currentUrl: 'https://www.hebcal.com/zmanim?cfg=json&geonameid=5277142&date=2024-05-26',
    [Symbol(shapeMode)]: true,
    [Symbol(kCapture)]: false
  },
  cause: Error: getaddrinfo ENOTFOUND www.hebcal.com
      at GetAddrInfoReqWrap.onlookupall [as oncomplete] (node:dns:120:26) {
    errno: -3008,
    code: 'ENOTFOUND',
    syscall: 'getaddrinfo',
    hostname: 'www.hebcal.com'
  }
}
Fetching Zmanim from URL: https://www.hebcal.com/zmanim?cfg=json&geonameid=5277142&date=2024-05-26
Error fetching Zmanim: AxiosError: getaddrinfo ENOTFOUND www.hebcal.com
    at AxiosError.from (/var/lib/homebridge/zmanim-js/node_modules/axios/dist/node/axios.cjs:836:14)
    at RedirectableRequest.handleRequestError (/var/lib/homebridge/zmanim-js/node_modules/axios/dist/node/axios.cjs:3086:25)
    at RedirectableRequest.emit (node:events:519:28)
    at eventHandlers.<computed> (/var/lib/homebridge/zmanim-js/node_modules/follow-redirects/index.js:38:24)
    at ClientRequest.emit (node:events:519:28)
    at TLSSocket.socketErrorListener (node:_http_client:500:9)
    at TLSSocket.emit (node:events:519:28)
    at emitErrorNT (node:internal/streams/destroy:169:8)
    at emitErrorCloseNT (node:internal/streams/destroy:128:3)
    at process.processTicksAndRejections (node:internal/process/task_queues:82:21)
    at Axios.request (/var/lib/homebridge/zmanim-js/node_modules/axios/dist/node/axios.cjs:3876:41)
    at process.processTicksAndRejections (node:internal/process/task_queues:95:5)
    at async getZmanim (/var/lib/homebridge/zmanim-js/zmanim.js:18:26)
    at async /var/lib/homebridge/zmanim-js/zmanim.js:268:20 {
  hostname: 'www.hebcal.com',
  syscall: 'getaddrinfo',
  code: 'ENOTFOUND',
  errno: -3008,
  config: {
    transitional: {
      silentJSONParsing: true,
      forcedJSONParsing: true,
      clarifyTimeoutError: false
    },
    adapter: [ 'xhr', 'http' ],
    transformRequest: [ [Function: transformRequest] ],
    transformResponse: [ [Function: transformResponse] ],
    timeout: 0,
    xsrfCookieName: 'XSRF-TOKEN',
    xsrfHeaderName: 'X-XSRF-TOKEN',
    maxContentLength: -1,
    maxBodyLength: -1,
    env: { FormData: [Function], Blob: [class Blob] },
    validateStatus: [Function: validateStatus],
    headers: Object [AxiosHeaders] {
      Accept: 'application/json, text/plain, */*',
      'Content-Type': undefined,
      'User-Agent': 'axios/1.6.8',
      'Accept-Encoding': 'gzip, compress, deflate, br'
    },
    method: 'get',
    url: 'https://www.hebcal.com/zmanim?cfg=json&geonameid=5277142&date=2024-05-26',
    data: undefined
  },
  request: <ref *1> Writable {
    _events: {
      close: undefined,
      error: [Function: handleRequestError],
      prefinish: undefined,
      finish: undefined,
      drain: undefined,
      response: [Function: handleResponse],
      socket: [Function: handleRequestSocket]
    },
    _writableState: WritableState {
      highWaterMark: 16384,
      length: 0,
      corked: 0,
      onwrite: [Function: bound onwrite],
      writelen: 0,
      bufferedIndex: 0,
      pendingcb: 0,
      [Symbol(kState)]: 17580812,
      [Symbol(kBufferedValue)]: null
    },
    _maxListeners: undefined,
    _options: {
      maxRedirects: 21,
      maxBodyLength: Infinity,
      protocol: 'https:',
      path: '/zmanim?cfg=json&geonameid=5277142&date=2024-05-26',
      method: 'GET',
      headers: [Object: null prototype],
      agents: [Object],
      auth: undefined,
      family: undefined,
      beforeRedirect: [Function: dispatchBeforeRedirect],
      beforeRedirects: [Object],
      hostname: 'www.hebcal.com',
      port: '',
      agent: undefined,
      nativeProtocols: [Object],
      pathname: '/zmanim',
      search: '?cfg=json&geonameid=5277142&date=2024-05-26'
    },
    _ended: true,
    _ending: true,
    _redirectCount: 0,
    _redirects: [],
    _requestBodyLength: 0,
    _requestBodyBuffers: [],
    _eventsCount: 3,
    _onNativeResponse: [Function (anonymous)],
    _currentRequest: ClientRequest {
      _events: [Object: null prototype],
      _eventsCount: 7,
      _maxListeners: undefined,
      outputData: [],
      outputSize: 0,
      writable: true,
      destroyed: false,
      _last: true,
      chunkedEncoding: false,
      shouldKeepAlive: true,
      maxRequestsOnConnectionReached: false,
      _defaultKeepAlive: true,
      useChunkedEncodingByDefault: false,
      sendDate: false,
      _removedConnection: false,
      _removedContLen: false,
      _removedTE: false,
      strictContentLength: false,
      _contentLength: 0,
      _hasBody: true,
      _trailer: '',
      finished: true,
      _headerSent: true,
      _closed: false,
      socket: [TLSSocket],
      _header: 'GET /zmanim?cfg=json&geonameid=5277142&date=2024-05-26 HTTP/1.1\r\n' +
        'Accept: application/json, text/plain, */*\r\n' +
        'User-Agent: axios/1.6.8\r\n' +
        'Accept-Encoding: gzip, compress, deflate, br\r\n' +
        'Host: www.hebcal.com\r\n' +
        'Connection: keep-alive\r\n' +
        '\r\n',
      _keepAliveTimeout: 0,
      _onPendingData: [Function: nop],
      agent: [Agent],
      socketPath: undefined,
      method: 'GET',
      maxHeaderSize: undefined,
      insecureHTTPParser: undefined,
      joinDuplicateHeaders: undefined,
      path: '/zmanim?cfg=json&geonameid=5277142&date=2024-05-26',
      _ended: false,
      res: null,
      aborted: false,
      timeoutCb: [Function: emitRequestTimeout],
      upgradeOrConnect: false,
      parser: null,
      maxHeadersCount: null,
      reusedSocket: false,
      host: 'www.hebcal.com',
      protocol: 'https:',
      _redirectable: [Circular *1],
      [Symbol(shapeMode)]: false,
      [Symbol(kCapture)]: false,
      [Symbol(kBytesWritten)]: 0,
      [Symbol(kNeedDrain)]: false,
      [Symbol(corked)]: 0,
      [Symbol(kOutHeaders)]: [Object: null prototype],
      [Symbol(errored)]: null,
      [Symbol(kHighWaterMark)]: 16384,
      [Symbol(kRejectNonStandardBodyWrites)]: false,
      [Symbol(kUniqueHeaders)]: null
    },
    _currentUrl: 'https://www.hebcal.com/zmanim?cfg=json&geonameid=5277142&date=2024-05-26',
    [Symbol(shapeMode)]: true,
    [Symbol(kCapture)]: false
  },
  cause: Error: getaddrinfo ENOTFOUND www.hebcal.com
      at GetAddrInfoReqWrap.onlookupall [as oncomplete] (node:dns:120:26) {
    errno: -3008,
    code: 'ENOTFOUND',
    syscall: 'getaddrinfo',
    hostname: 'www.hebcal.com'
  }
}
